<?xml version="1.0" encoding="UTF-8"?>
<!-- Generated by org.testng.reporters.JUnitReportReporter -->
<testsuite skipped="0" hostname="SATEESh-PC" name="com.automation.facebook.FBLogin" tests="1" failures="0" timestamp="20 Dec 2017 13:23:55 GMT" time="22.266" errors="0">
  <testcase name="TestSetup" time="22.266" classname="com.automation.facebook.FBLogin"/>
</testsuite> <!-- com.automation.facebook.FBLogin -->
