<?xml version="1.0" encoding="UTF-8"?>
<!-- Generated by org.testng.reporters.JUnitReportReporter -->
<testsuite skipped="0" hostname="Rishi-PC" name="com.automation.chase.ChaseCustomRate4Family" tests="1" failures="0" timestamp="07 Jun 2017 02:41:16 GMT" time="19.483" errors="0">
  <testcase name="TestSetup" time="19.483" classname="com.automation.chase.ChaseCustomRate4Family"/>
</testsuite> <!-- com.automation.chase.ChaseCustomRate4Family -->
