<?xml version="1.0" encoding="UTF-8"?>
<!-- Generated by org.testng.reporters.JUnitReportReporter -->
<testsuite skipped="0" hostname="Rishi-PC" name="com.automation.gmail.GmailLogin" tests="1" failures="0" timestamp="07 Jun 2017 16:31:16 GMT" time="26.517" errors="0">
  <testcase name="TestSetup" time="26.517" classname="com.automation.gmail.GmailLogin"/>
</testsuite> <!-- com.automation.gmail.GmailLogin -->
