<?xml version="1.0" encoding="UTF-8"?>
<!-- Generated by org.testng.reporters.JUnitReportReporter -->
<testsuite skipped="0" hostname="Rishi-PC" name="com.automation.yahoo.YahooLogin" tests="1" failures="0" timestamp="07 Jun 2017 09:07:17 GMT" time="65.069" errors="0">
  <testcase name="TestSetup" time="65.069" classname="com.automation.yahoo.YahooLogin"/>
</testsuite> <!-- com.automation.yahoo.YahooLogin -->
