<?xml version="1.0" encoding="UTF-8"?>
<!-- Generated by org.testng.reporters.JUnitReportReporter -->
<testsuite hostname="Rishi-PC" name="com.automation.gmail.VerifyTitle" tests="2" failures="0" timestamp="31 May 2017 02:10:54 GMT" time="28.065" errors="0">
  <testcase name="verifyTwitterTitle3" time="13.209" classname="com.automation.gmail.VerifyTitle"/>
  <testcase name="verifyGoogleTitle1" time="14.856" classname="com.automation.gmail.VerifyTitle"/>
</testsuite> <!-- com.automation.gmail.VerifyTitle -->
