<?xml version="1.0" encoding="UTF-8"?>
<!-- Generated by org.testng.reporters.JUnitReportReporter -->
<testsuite skipped="0" hostname="Rishi-PC" name="com.automation.gmail.RobotEx" tests="1" failures="0" timestamp="31 May 2017 09:59:20 GMT" time="16.182" errors="0">
  <testcase name="TestRobo" time="16.182" classname="com.automation.gmail.RobotEx"/>
</testsuite> <!-- com.automation.gmail.RobotEx -->
