<?xml version="1.0" encoding="UTF-8"?>
<!-- Generated by org.testng.reporters.JUnitReportReporter -->
<testsuite skipped="0" hostname="Rishi-PC" name="com.automation.paytm.PaytmL" tests="1" failures="0" timestamp="07 Jun 2017 17:09:07 GMT" time="0.490" errors="0">
  <testcase name="TestSetup" time="0.490" classname="com.automation.paytm.PaytmL"/>
</testsuite> <!-- com.automation.paytm.PaytmL -->
