<?xml version="1.0" encoding="UTF-8"?>
<!-- Generated by org.testng.reporters.JUnitReportReporter -->
<testsuite skipped="0" hostname="Rishi-PC" name="com.automation.gmail.YahooLogin" tests="1" failures="0" timestamp="05 Jun 2017 02:35:02 GMT" time="41.491" errors="0">
  <testcase name="TestSetup" time="41.491" classname="com.automation.gmail.YahooLogin"/>
</testsuite> <!-- com.automation.gmail.YahooLogin -->
