<?xml version="1.0" encoding="UTF-8"?>
<!-- Generated by org.testng.reporters.JUnitReportReporter -->
<testsuite skipped="0" hostname="DESKTOP-IT57UB9" name="jenkinsExamples.FacebookLogin" tests="1" failures="0" timestamp="03 Sep 2018 05:09:59 GMT" time="7.573" errors="0">
  <testcase name="facebookLogin" time="7.573" classname="jenkinsExamples.FacebookLogin"/>
</testsuite> <!-- jenkinsExamples.FacebookLogin -->
