<?xml version="1.0" encoding="UTF-8"?>
<!-- Generated by org.testng.reporters.JUnitReportReporter -->
<testsuite skipped="0" hostname="DESKTOP-IT57UB9" name="com.automation.smoke.Twitter" tests="1" failures="0" timestamp="03 Mar 2018 05:45:00 GMT" time="64.522" errors="0">
  <testcase name="f" time="64.522" classname="com.automation.smoke.Twitter"/>
</testsuite> <!-- com.automation.smoke.Twitter -->
