<?xml version="1.0" encoding="UTF-8"?>
<!-- Generated by org.testng.reporters.JUnitReportReporter -->
<testsuite skipped="0" hostname="DESKTOP-IT57UB9" name="com.automation.smoke.Facebook" tests="1" failures="0" timestamp="03 Mar 2018 05:40:59 GMT" time="89.481" errors="0">
  <testcase name="f" time="89.481" classname="com.automation.smoke.Facebook"/>
</testsuite> <!-- com.automation.smoke.Facebook -->
